  Elliptic curves.cpp
E:\VS\C++\Elliptic curves\Elliptic curves.cpp(18,98): warning C4566:  character represented by universal-character-name '\u0490' cannot be represented in the current code page (1252)
E:\VS\C++\Elliptic curves\Elliptic curves.cpp(18,103): warning C4566:  character represented by universal-character-name '\u0401' cannot be represented in the current code page (1252)
E:\VS\C++\Elliptic curves\Elliptic curves.cpp(19,10): warning C4566:  character represented by universal-character-name '\u0404' cannot be represented in the current code page (1252)
E:\VS\C++\Elliptic curves\Elliptic curves.cpp(19,15): warning C4566:  character represented by universal-character-name '\u0407' cannot be represented in the current code page (1252)
E:\VS\C++\Elliptic curves\Elliptic curves.cpp(19,20): warning C4566:  character represented by universal-character-name '\u0406' cannot be represented in the current code page (1252)
E:\VS\C++\Elliptic curves\Elliptic curves.cpp(19,25): warning C4566:  character represented by universal-character-name '\u0456' cannot be represented in the current code page (1252)
E:\VS\C++\Elliptic curves\Elliptic curves.cpp(19,30): warning C4566:  character represented by universal-character-name '\u0491' cannot be represented in the current code page (1252)
E:\VS\C++\Elliptic curves\Elliptic curves.cpp(19,35): warning C4566:  character represented by universal-character-name '\u0451' cannot be represented in the current code page (1252)
E:\VS\C++\Elliptic curves\Elliptic curves.cpp(19,40): warning C4566:  character represented by universal-character-name '\u0454' cannot be represented in the current code page (1252)
E:\VS\C++\Elliptic curves\Elliptic curves.cpp(19,45): warning C4566:  character represented by universal-character-name '\u0457' cannot be represented in the current code page (1252)
E:\VS\C++\Elliptic curves\Elliptic curves.cpp(19,50): warning C4566:  character represented by universal-character-name '\u0410' cannot be represented in the current code page (1252)
E:\VS\C++\Elliptic curves\Elliptic curves.cpp(19,55): warning C4566:  character represented by universal-character-name '\u0411' cannot be represented in the current code page (1252)
E:\VS\C++\Elliptic curves\Elliptic curves.cpp(19,60): warning C4566:  character represented by universal-character-name '\u0412' cannot be represented in the current code page (1252)
E:\VS\C++\Elliptic curves\Elliptic curves.cpp(19,65): warning C4566:  character represented by universal-character-name '\u0413' cannot be represented in the current code page (1252)
E:\VS\C++\Elliptic curves\Elliptic curves.cpp(19,70): warning C4566:  character represented by universal-character-name '\u0414' cannot be represented in the current code page (1252)
E:\VS\C++\Elliptic curves\Elliptic curves.cpp(19,75): warning C4566:  character represented by universal-character-name '\u0415' cannot be represented in the current code page (1252)
E:\VS\C++\Elliptic curves\Elliptic curves.cpp(19,80): warning C4566:  character represented by universal-character-name '\u0416' cannot be represented in the current code page (1252)
E:\VS\C++\Elliptic curves\Elliptic curves.cpp(19,85): warning C4566:  character represented by universal-character-name '\u0417' cannot be represented in the current code page (1252)
E:\VS\C++\Elliptic curves\Elliptic curves.cpp(19,90): warning C4566:  character represented by universal-character-name '\u0418' cannot be represented in the current code page (1252)
E:\VS\C++\Elliptic curves\Elliptic curves.cpp(19,95): warning C4566:  character represented by universal-character-name '\u0419' cannot be represented in the current code page (1252)
E:\VS\C++\Elliptic curves\Elliptic curves.cpp(19,100): warning C4566:  character represented by universal-character-name '\u041A' cannot be represented in the current code page (1252)
E:\VS\C++\Elliptic curves\Elliptic curves.cpp(19,105): warning C4566:  character represented by universal-character-name '\u041B' cannot be represented in the current code page (1252)
E:\VS\C++\Elliptic curves\Elliptic curves.cpp(19,110): warning C4566:  character represented by universal-character-name '\u041C' cannot be represented in the current code page (1252)
E:\VS\C++\Elliptic curves\Elliptic curves.cpp(19,115): warning C4566:  character represented by universal-character-name '\u041D' cannot be represented in the current code page (1252)
E:\VS\C++\Elliptic curves\Elliptic curves.cpp(19,120): warning C4566:  character represented by universal-character-name '\u041E' cannot be represented in the current code page (1252)
E:\VS\C++\Elliptic curves\Elliptic curves.cpp(19,125): warning C4566:  character represented by universal-character-name '\u041F' cannot be represented in the current code page (1252)
E:\VS\C++\Elliptic curves\Elliptic curves.cpp(20,10): warning C4566:  character represented by universal-character-name '\u0420' cannot be represented in the current code page (1252)
E:\VS\C++\Elliptic curves\Elliptic curves.cpp(20,15): warning C4566:  character represented by universal-character-name '\u0421' cannot be represented in the current code page (1252)
E:\VS\C++\Elliptic curves\Elliptic curves.cpp(20,20): warning C4566:  character represented by universal-character-name '\u0422' cannot be represented in the current code page (1252)
E:\VS\C++\Elliptic curves\Elliptic curves.cpp(20,25): warning C4566:  character represented by universal-character-name '\u0423' cannot be represented in the current code page (1252)
E:\VS\C++\Elliptic curves\Elliptic curves.cpp(20,30): warning C4566:  character represented by universal-character-name '\u0424' cannot be represented in the current code page (1252)
E:\VS\C++\Elliptic curves\Elliptic curves.cpp(20,35): warning C4566:  character represented by universal-character-name '\u0425' cannot be represented in the current code page (1252)
E:\VS\C++\Elliptic curves\Elliptic curves.cpp(20,40): warning C4566:  character represented by universal-character-name '\u0426' cannot be represented in the current code page (1252)
E:\VS\C++\Elliptic curves\Elliptic curves.cpp(20,45): warning C4566:  character represented by universal-character-name '\u0427' cannot be represented in the current code page (1252)
E:\VS\C++\Elliptic curves\Elliptic curves.cpp(20,50): warning C4566:  character represented by universal-character-name '\u0428' cannot be represented in the current code page (1252)
E:\VS\C++\Elliptic curves\Elliptic curves.cpp(20,55): warning C4566:  character represented by universal-character-name '\u0429' cannot be represented in the current code page (1252)
E:\VS\C++\Elliptic curves\Elliptic curves.cpp(20,60): warning C4566:  character represented by universal-character-name '\u042A' cannot be represented in the current code page (1252)
E:\VS\C++\Elliptic curves\Elliptic curves.cpp(20,65): warning C4566:  character represented by universal-character-name '\u042B' cannot be represented in the current code page (1252)
E:\VS\C++\Elliptic curves\Elliptic curves.cpp(20,70): warning C4566:  character represented by universal-character-name '\u042C' cannot be represented in the current code page (1252)
E:\VS\C++\Elliptic curves\Elliptic curves.cpp(20,75): warning C4566:  character represented by universal-character-name '\u042D' cannot be represented in the current code page (1252)
E:\VS\C++\Elliptic curves\Elliptic curves.cpp(20,80): warning C4566:  character represented by universal-character-name '\u042E' cannot be represented in the current code page (1252)
E:\VS\C++\Elliptic curves\Elliptic curves.cpp(20,85): warning C4566:  character represented by universal-character-name '\u042F' cannot be represented in the current code page (1252)
E:\VS\C++\Elliptic curves\Elliptic curves.cpp(20,90): warning C4566:  character represented by universal-character-name '\u0430' cannot be represented in the current code page (1252)
E:\VS\C++\Elliptic curves\Elliptic curves.cpp(20,95): warning C4566:  character represented by universal-character-name '\u0431' cannot be represented in the current code page (1252)
E:\VS\C++\Elliptic curves\Elliptic curves.cpp(20,100): warning C4566:  character represented by universal-character-name '\u0432' cannot be represented in the current code page (1252)
E:\VS\C++\Elliptic curves\Elliptic curves.cpp(20,105): warning C4566:  character represented by universal-character-name '\u0433' cannot be represented in the current code page (1252)
E:\VS\C++\Elliptic curves\Elliptic curves.cpp(20,110): warning C4566:  character represented by universal-character-name '\u0434' cannot be represented in the current code page (1252)
E:\VS\C++\Elliptic curves\Elliptic curves.cpp(20,115): warning C4566:  character represented by universal-character-name '\u0435' cannot be represented in the current code page (1252)
E:\VS\C++\Elliptic curves\Elliptic curves.cpp(20,120): warning C4566:  character represented by universal-character-name '\u0436' cannot be represented in the current code page (1252)
E:\VS\C++\Elliptic curves\Elliptic curves.cpp(20,125): warning C4566:  character represented by universal-character-name '\u0437' cannot be represented in the current code page (1252)
E:\VS\C++\Elliptic curves\Elliptic curves.cpp(21,10): warning C4566:  character represented by universal-character-name '\u0438' cannot be represented in the current code page (1252)
E:\VS\C++\Elliptic curves\Elliptic curves.cpp(21,15): warning C4566:  character represented by universal-character-name '\u0439' cannot be represented in the current code page (1252)
E:\VS\C++\Elliptic curves\Elliptic curves.cpp(21,20): warning C4566:  character represented by universal-character-name '\u043A' cannot be represented in the current code page (1252)
E:\VS\C++\Elliptic curves\Elliptic curves.cpp(21,25): warning C4566:  character represented by universal-character-name '\u043B' cannot be represented in the current code page (1252)
E:\VS\C++\Elliptic curves\Elliptic curves.cpp(21,30): warning C4566:  character represented by universal-character-name '\u043C' cannot be represented in the current code page (1252)
E:\VS\C++\Elliptic curves\Elliptic curves.cpp(21,35): warning C4566:  character represented by universal-character-name '\u043D' cannot be represented in the current code page (1252)
E:\VS\C++\Elliptic curves\Elliptic curves.cpp(21,40): warning C4566:  character represented by universal-character-name '\u043E' cannot be represented in the current code page (1252)
E:\VS\C++\Elliptic curves\Elliptic curves.cpp(21,45): warning C4566:  character represented by universal-character-name '\u043F' cannot be represented in the current code page (1252)
E:\VS\C++\Elliptic curves\Elliptic curves.cpp(21,50): warning C4566:  character represented by universal-character-name '\u0440' cannot be represented in the current code page (1252)
E:\VS\C++\Elliptic curves\Elliptic curves.cpp(21,55): warning C4566:  character represented by universal-character-name '\u0441' cannot be represented in the current code page (1252)
E:\VS\C++\Elliptic curves\Elliptic curves.cpp(21,60): warning C4566:  character represented by universal-character-name '\u0442' cannot be represented in the current code page (1252)
E:\VS\C++\Elliptic curves\Elliptic curves.cpp(21,65): warning C4566:  character represented by universal-character-name '\u0443' cannot be represented in the current code page (1252)
E:\VS\C++\Elliptic curves\Elliptic curves.cpp(21,70): warning C4566:  character represented by universal-character-name '\u0444' cannot be represented in the current code page (1252)
E:\VS\C++\Elliptic curves\Elliptic curves.cpp(21,75): warning C4566:  character represented by universal-character-name '\u0445' cannot be represented in the current code page (1252)
E:\VS\C++\Elliptic curves\Elliptic curves.cpp(21,80): warning C4566:  character represented by universal-character-name '\u0446' cannot be represented in the current code page (1252)
E:\VS\C++\Elliptic curves\Elliptic curves.cpp(21,85): warning C4566:  character represented by universal-character-name '\u0447' cannot be represented in the current code page (1252)
E:\VS\C++\Elliptic curves\Elliptic curves.cpp(21,90): warning C4566:  character represented by universal-character-name '\u0448' cannot be represented in the current code page (1252)
E:\VS\C++\Elliptic curves\Elliptic curves.cpp(21,95): warning C4566:  character represented by universal-character-name '\u0449' cannot be represented in the current code page (1252)
E:\VS\C++\Elliptic curves\Elliptic curves.cpp(21,100): warning C4566:  character represented by universal-character-name '\u044A' cannot be represented in the current code page (1252)
E:\VS\C++\Elliptic curves\Elliptic curves.cpp(21,105): warning C4566:  character represented by universal-character-name '\u044B' cannot be represented in the current code page (1252)
E:\VS\C++\Elliptic curves\Elliptic curves.cpp(21,110): warning C4566:  character represented by universal-character-name '\u044C' cannot be represented in the current code page (1252)
E:\VS\C++\Elliptic curves\Elliptic curves.cpp(21,115): warning C4566:  character represented by universal-character-name '\u044D' cannot be represented in the current code page (1252)
E:\VS\C++\Elliptic curves\Elliptic curves.cpp(21,120): warning C4566:  character represented by universal-character-name '\u044E' cannot be represented in the current code page (1252)
E:\VS\C++\Elliptic curves\Elliptic curves.cpp(21,125): warning C4566:  character represented by universal-character-name '\u044F' cannot be represented in the current code page (1252)
E:\VS\C++\Elliptic curves\Elliptic curves.cpp(104,20): warning C4018:  '<': signed/unsigned mismatch
E:\VS\C++\Elliptic curves\Elliptic curves.cpp(127,20): warning C4018:  '<': signed/unsigned mismatch
E:\VS\C++\Elliptic curves\Elliptic curves.cpp(128,21): warning C4018:  '<': signed/unsigned mismatch
E:\VS\C++\Elliptic curves\Elliptic curves.cpp(238,52): warning C4244:  'argument': conversion from 'double' to '_Ty', possible loss of data
E:\VS\C++\Elliptic curves\Elliptic curves.cpp(238,52): warning C4244:         with
E:\VS\C++\Elliptic curves\Elliptic curves.cpp(238,52): warning C4244:         [
E:\VS\C++\Elliptic curves\Elliptic curves.cpp(238,52): warning C4244:             _Ty=int
E:\VS\C++\Elliptic curves\Elliptic curves.cpp(238,52): warning C4244:         ]
E:\VS\C++\Elliptic curves\Elliptic curves.cpp(246,20): warning C4018:  '<': signed/unsigned mismatch
E:\VS\C++\Elliptic curves\Elliptic curves.cpp(251,20): warning C4018:  '<': signed/unsigned mismatch
E:\VS\C++\Elliptic curves\Elliptic curves.cpp(255,20): warning C4018:  '<': signed/unsigned mismatch
E:\VS\C++\Elliptic curves\Elliptic curves.cpp(263,20): warning C4018:  '<': signed/unsigned mismatch
E:\VS\C++\Elliptic curves\Elliptic curves.cpp(266,20): warning C4018:  '<': signed/unsigned mismatch
E:\VS\C++\Elliptic curves\Elliptic curves.cpp(267,21): warning C4018:  '<': signed/unsigned mismatch
E:\VS\C++\Elliptic curves\Elliptic curves.cpp(282,20): warning C4018:  '<': signed/unsigned mismatch
E:\VS\C++\Elliptic curves\Elliptic curves.cpp(312,29): warning C4018:  '<': signed/unsigned mismatch
E:\VS\C++\Elliptic curves\Elliptic curves.cpp(312,45): warning C4018:  '<': signed/unsigned mismatch
E:\VS\C++\Elliptic curves\Elliptic curves.cpp(418,23): warning C4018:  '<': signed/unsigned mismatch
  Elliptic curves.vcxproj -> E:\VS\C++\Elliptic curves\Debug\Elliptic curves.exe
